[Sat May 24 19:28:35.198877 2025] [mpm_winnt:notice] [pid 10216:tid 476] AH00455: Apache/2.4.58 (Win64) OpenSSL/3.1.3 PHP/8.2.12 configured -- resuming normal operations
[Sat May 24 19:28:35.198877 2025] [mpm_winnt:notice] [pid 10216:tid 476] AH00456: Apache Lounge VS17 Server built: Oct 18 2023 13:03:18
[Sat May 24 19:28:35.198877 2025] [core:notice] [pid 10216:tid 476] AH00094: Command line: 'C:\\Users\\harry\\Desktop\\BBSiteTest\\services\\webserver\\apache\\bin\\httpd.exe -d C:/Users/harry/Desktop/BBSiteTest/services/webserver/apache'
[Sat May 24 19:28:35.203883 2025] [mpm_winnt:notice] [pid 10216:tid 476] AH00418: Parent: Created child process 22628
Apache server shutdown initiated...
pm_winnt:notice] [pid 22628:tid 468] AH00354: Child: Starting 150 worker threads.
[Sat May 24 19:29:05.498625 2025] [mpm_winnt:notice] [pid 10216:tid 476] AH00422: Parent: Received shutdown signal -- Shutting down the server.
[Sat May 24 19:29:11.731334 2025] [core:warn] [pid 17612:tid 460] AH00098: pid file C:/Users/harry/Desktop/BBSiteTest/services/webserver/apache/logs/httpd.pid overwritten -- Unclean shutdown of previous Apache run?
[Sat May 24 19:29:11.777356 2025] [mpm_winnt:notice] [pid 17612:tid 460] AH00455: Apache/2.4.58 (Win64) OpenSSL/3.1.3 PHP/8.2.12 configured -- resuming normal operations
[Sat May 24 19:29:11.778366 2025] [mpm_winnt:notice] [pid 17612:tid 460] AH00456: Apache Lounge VS17 Server built: Oct 18 2023 13:03:18
[Sat May 24 19:29:11.778366 2025] [core:notice] [pid 17612:tid 460] AH00094: Command line: 'C:\\Users\\harry\\Desktop\\BBSiteTest\\services\\webserver\\apache\\bin\\httpd.exe -d C:/Users/harry/Desktop/BBSiteTest/services/webserver/apache'
[Sat May 24 19:29:11.780462 2025] [mpm_winnt:notice] [pid 17612:tid 460] AH00418: Parent: Created child process 24928
Apache server shutdown initiated...
pm_winnt:notice] [pid 24928:tid 444] AH00354: Child: Starting 150 worker threads.
[Sat May 24 19:29:13.621026 2025] [mpm_winnt:notice] [pid 22628:tid 468] AH00364: Child: All worker threads have exited.
[Sat May 24 19:29:15.442971 2025] [mpm_winnt:notice] [pid 17612:tid 460] AH00422: Parent: Received shutdown signal -- Shutting down the server.
[Sat May 24 19:29:17.459932 2025] [mpm_winnt:notice] [pid 24928:tid 444] AH00364: Child: All worker threads have exited.
[Sat May 24 19:29:17.481351 2025] [mpm_winnt:notice] [pid 17612:tid 460] AH00430: Parent: Child process 24928 exited successfully.
[Sat May 24 19:29:18.634495 2025] [mpm_winnt:notice] [pid 21416:tid 456] AH00455: Apache/2.4.58 (Win64) OpenSSL/3.1.3 PHP/8.2.12 configured -- resuming normal operations
[Sat May 24 19:29:18.634495 2025] [mpm_winnt:notice] [pid 21416:tid 456] AH00456: Apache Lounge VS17 Server built: Oct 18 2023 13:03:18
[Sat May 24 19:29:18.634495 2025] [core:notice] [pid 21416:tid 456] AH00094: Command line: 'C:\\Users\\harry\\Desktop\\BBSiteTest\\services\\webserver\\apache\\bin\\httpd.exe -d C:/Users/harry/Desktop/BBSiteTest/services/webserver/apache'
[Sat May 24 19:29:18.638001 2025] [mpm_winnt:notice] [pid 21416:tid 456] AH00418: Parent: Created child process 23560
Apache server shutdown initiated...
pm_winnt:notice] [pid 23560:tid 440] AH00354: Child: Starting 150 worker threads.
[Sat May 24 19:29:25.460153 2025] [mpm_winnt:notice] [pid 21416:tid 456] AH00422: Parent: Received shutdown signal -- Shutting down the server.
[Sat May 24 19:29:30.644341 2025] [mpm_winnt:notice] [pid 23560:tid 440] AH00364: Child: All worker threads have exited.
[Sat May 24 19:30:02.412065 2025] [core:warn] [pid 22164:tid 444] AH00098: pid file C:/Users/harry/Desktop/BBSiteTest/services/webserver/apache/logs/httpd.pid overwritten -- Unclean shutdown of previous Apache run?
[Sat May 24 19:30:02.460318 2025] [mpm_winnt:notice] [pid 22164:tid 444] AH00455: Apache/2.4.58 (Win64) OpenSSL/3.1.3 PHP/8.2.12 configured -- resuming normal operations
[Sat May 24 19:30:02.460318 2025] [mpm_winnt:notice] [pid 22164:tid 444] AH00456: Apache Lounge VS17 Server built: Oct 18 2023 13:03:18
[Sat May 24 19:30:02.460318 2025] [core:notice] [pid 22164:tid 444] AH00094: Command line: 'C:\\Users\\harry\\Desktop\\BBSiteTest\\services\\webserver\\apache\\bin\\httpd.exe -d C:/Users/harry/Desktop/BBSiteTest/services/webserver/apache'
[Sat May 24 19:30:02.463318 2025] [mpm_winnt:notice] [pid 22164:tid 444] AH00418: Parent: Created child process 19680
Apache server shutdown initiated...
pm_winnt:notice] [pid 19680:tid 444] AH00354: Child: Starting 150 worker threads.
[Mon May 26 00:53:27.748107 2025] [mpm_winnt:notice] [pid 22164:tid 444] AH00422: Parent: Received shutdown signal -- Shutting down the server.
[Mon May 26 00:53:29.765307 2025] [mpm_winnt:notice] [pid 19680:tid 444] AH00364: Child: All worker threads have exited.
[Mon May 26 00:53:29.834003 2025] [mpm_winnt:notice] [pid 22164:tid 444] AH00430: Parent: Child process 19680 exited successfully.
[Mon May 26 17:56:57.574452 2025] [mpm_winnt:notice] [pid 10016:tid 444] AH00455: Apache/2.4.58 (Win64) OpenSSL/3.1.3 PHP/8.2.12 configured -- resuming normal operations
[Mon May 26 17:56:57.575961 2025] [mpm_winnt:notice] [pid 10016:tid 444] AH00456: Apache Lounge VS17 Server built: Oct 18 2023 13:03:18
[Mon May 26 17:56:57.575961 2025] [core:notice] [pid 10016:tid 444] AH00094: Command line: 'C:\\Users\\harry\\Desktop\\BBSiteTest\\services\\webserver\\apache\\bin\\httpd.exe -d C:/Users/harry/Desktop/BBSiteTest/services/webserver/apache'
[Mon May 26 17:56:57.580481 2025] [mpm_winnt:notice] [pid 10016:tid 444] AH00418: Parent: Created child process 21760
Apache server shutdown initiated...
pm_winnt:notice] [pid 21760:tid 444] AH00354: Child: Starting 150 worker threads.
[Mon May 26 18:24:18.007036 2025] [mpm_winnt:notice] [pid 10016:tid 444] AH00422: Parent: Received shutdown signal -- Shutting down the server.
[Mon May 26 18:24:20.033560 2025] [mpm_winnt:notice] [pid 21760:tid 444] AH00364: Child: All worker threads have exited.
[Mon May 26 18:24:20.057664 2025] [mpm_winnt:notice] [pid 10016:tid 444] AH00430: Parent: Child process 21760 exited successfully.
[Mon May 26 18:24:39.938683 2025] [mpm_winnt:notice] [pid 11772:tid 444] AH00455: Apache/2.4.58 (Win64) OpenSSL/3.1.3 PHP/8.2.12 configured -- resuming normal operations
[Mon May 26 18:24:39.938683 2025] [mpm_winnt:notice] [pid 11772:tid 444] AH00456: Apache Lounge VS17 Server built: Oct 18 2023 13:03:18
[Mon May 26 18:24:39.938683 2025] [core:notice] [pid 11772:tid 444] AH00094: Command line: 'C:\\Users\\harry\\Desktop\\BBSiteTest\\services\\webserver\\apache\\bin\\httpd.exe -d C:/Users/harry/Desktop/BBSiteTest/services/webserver/apache'
[Mon May 26 18:24:39.942576 2025] [mpm_winnt:notice] [pid 11772:tid 444] AH00418: Parent: Created child process 19580
[Mon May 26 18:24:40.449487 2025] [mpm_winnt:notice] [pid 19580:tid 440] AH00354: Child: Starting 150 worker threads.
[Mon May 26 20:17:40.314804 2025] [core:warn] [pid 19116:tid 468] AH00098: pid file C:/Users/harry/Desktop/BBSiteTest/services/webserver/apache/logs/httpd.pid overwritten -- Unclean shutdown of previous Apache run?
[Mon May 26 20:17:41.334458 2025] [mpm_winnt:notice] [pid 19116:tid 468] AH00455: Apache/2.4.58 (Win64) OpenSSL/3.1.3 PHP/8.2.12 configured -- resuming normal operations
[Mon May 26 20:17:41.334458 2025] [mpm_winnt:notice] [pid 19116:tid 468] AH00456: Apache Lounge VS17 Server built: Oct 18 2023 13:03:18
[Mon May 26 20:17:41.334458 2025] [core:notice] [pid 19116:tid 468] AH00094: Command line: 'C:\\Users\\harry\\Desktop\\BBSiteTest\\services\\webserver\\apache\\bin\\httpd.exe -d C:/Users/harry/Desktop/BBSiteTest/services/webserver/apache'
[Mon May 26 20:17:41.338461 2025] [mpm_winnt:notice] [pid 19116:tid 468] AH00418: Parent: Created child process 18604
Apache server shutdown initiated...
pm_winnt:notice] [pid 18604:tid 444] AH00354: Child: Starting 150 worker threads.
[Tue May 27 21:21:11.551877 2025] [mpm_winnt:notice] [pid 19116:tid 468] AH00422: Parent: Received shutdown signal -- Shutting down the server.
[Tue May 27 21:21:13.575055 2025] [mpm_winnt:notice] [pid 18604:tid 444] AH00364: Child: All worker threads have exited.
[Tue May 27 21:21:13.649689 2025] [mpm_winnt:notice] [pid 19116:tid 468] AH00430: Parent: Child process 18604 exited successfully.
[Tue May 27 21:39:23.011222 2025] [mpm_winnt:notice] [pid 18036:tid 444] AH00455: Apache/2.4.58 (Win64) OpenSSL/3.1.3 PHP/8.2.12 configured -- resuming normal operations
[Tue May 27 21:39:23.011222 2025] [mpm_winnt:notice] [pid 18036:tid 444] AH00456: Apache Lounge VS17 Server built: Oct 18 2023 13:03:18
[Tue May 27 21:39:23.011222 2025] [core:notice] [pid 18036:tid 444] AH00094: Command line: 'C:\\Users\\harry\\Desktop\\BBSiteTest\\services\\webserver\\apache\\bin\\httpd.exe -d C:/Users/harry/Desktop/BBSiteTest/services/webserver/apache'
[Tue May 27 21:39:23.014295 2025] [mpm_winnt:notice] [pid 18036:tid 444] AH00418: Parent: Created child process 22408
Apache server shutdown initiated...
pm_winnt:notice] [pid 22408:tid 448] AH00354: Child: Starting 150 worker threads.
[Sat May 31 21:01:29.513054 2025] [mpm_winnt:notice] [pid 18036:tid 444] AH00422: Parent: Received shutdown signal -- Shutting down the server.
[Sat May 31 21:01:31.531104 2025] [mpm_winnt:notice] [pid 22408:tid 448] AH00364: Child: All worker threads have exited.
[Sat May 31 21:01:31.599820 2025] [mpm_winnt:notice] [pid 18036:tid 444] AH00430: Parent: Child process 22408 exited successfully.
[Sun Jun 01 03:38:01.685628 2025] [mpm_winnt:notice] [pid 7404:tid 448] AH00455: Apache/2.4.58 (Win64) OpenSSL/3.1.3 PHP/8.2.12 configured -- resuming normal operations
[Sun Jun 01 03:38:01.685628 2025] [mpm_winnt:notice] [pid 7404:tid 448] AH00456: Apache Lounge VS17 Server built: Oct 18 2023 13:03:18
[Sun Jun 01 03:38:01.685628 2025] [core:notice] [pid 7404:tid 448] AH00094: Command line: 'C:\\Users\\harry\\Desktop\\BBSiteTest\\services\\webserver\\apache\\bin\\httpd.exe -d C:/Users/harry/Desktop/BBSiteTest/services/webserver/apache'
[Sun Jun 01 03:38:01.693657 2025] [mpm_winnt:notice] [pid 7404:tid 448] AH00418: Parent: Created child process 16780
Apache server shutdown initiated...
pm_winnt:notice] [pid 16780:tid 452] AH00354: Child: Starting 150 worker threads.
[Sun Jun 01 14:07:06.543698 2025] [mpm_winnt:notice] [pid 7404:tid 448] AH00422: Parent: Received shutdown signal -- Shutting down the server.
[Sun Jun 01 14:07:08.556970 2025] [mpm_winnt:notice] [pid 16780:tid 452] AH00364: Child: All worker threads have exited.
[Sun Jun 01 14:07:08.604555 2025] [mpm_winnt:notice] [pid 7404:tid 448] AH00430: Parent: Child process 16780 exited successfully.
[Thu Jun 05 18:31:54.785483 2025] [mpm_winnt:notice] [pid 18856:tid 444] AH00455: Apache/2.4.58 (Win64) OpenSSL/3.1.3 PHP/8.2.12 configured -- resuming normal operations
[Thu Jun 05 18:31:54.786283 2025] [mpm_winnt:notice] [pid 18856:tid 444] AH00456: Apache Lounge VS17 Server built: Oct 18 2023 13:03:18
[Thu Jun 05 18:31:54.786283 2025] [core:notice] [pid 18856:tid 444] AH00094: Command line: 'C:\\Users\\harry\\Desktop\\BBSiteTest\\services\\webserver\\apache\\bin\\httpd.exe -d C:/Users/harry/Desktop/BBSiteTest/services/webserver/apache'
[Thu Jun 05 18:31:54.789318 2025] [mpm_winnt:notice] [pid 18856:tid 444] AH00418: Parent: Created child process 2752
Apache server shutdown initiated...
pm_winnt:notice] [pid 2752:tid 444] AH00354: Child: Starting 150 worker threads.
[Sat Jun 07 00:53:54.845685 2025] [mpm_winnt:notice] [pid 18856:tid 444] AH00422: Parent: Received shutdown signal -- Shutting down the server.
[Sat Jun 07 00:53:56.875539 2025] [mpm_winnt:notice] [pid 2752:tid 444] AH00364: Child: All worker threads have exited.
[Sat Jun 07 00:53:56.920227 2025] [mpm_winnt:notice] [pid 18856:tid 444] AH00430: Parent: Child process 2752 exited successfully.
[Sat Jun 07 00:58:32.330543 2025] [mpm_winnt:notice] [pid 26196:tid 480] AH00455: Apache/2.4.58 (Win64) OpenSSL/3.1.3 PHP/8.2.12 configured -- resuming normal operations
[Sat Jun 07 00:58:32.330543 2025] [mpm_winnt:notice] [pid 26196:tid 480] AH00456: Apache Lounge VS17 Server built: Oct 18 2023 13:03:18
[Sat Jun 07 00:58:32.330543 2025] [core:notice] [pid 26196:tid 480] AH00094: Command line: 'C:\\Users\\harry\\Desktop\\BBSiteTest\\services\\webserver\\apache\\bin\\httpd.exe -d C:/Users/harry/Desktop/BBSiteTest/services/webserver/apache'
[Sat Jun 07 00:58:32.334545 2025] [mpm_winnt:notice] [pid 26196:tid 480] AH00418: Parent: Created child process 23204
Apache server shutdown initiated...
pm_winnt:notice] [pid 23204:tid 444] AH00354: Child: Starting 150 worker threads.
[Sat Jun 07 14:15:14.428023 2025] [mpm_winnt:notice] [pid 26196:tid 480] AH00422: Parent: Received shutdown signal -- Shutting down the server.
[Sat Jun 07 14:15:16.448393 2025] [mpm_winnt:notice] [pid 23204:tid 444] AH00364: Child: All worker threads have exited.
[Sat Jun 07 14:15:16.529366 2025] [mpm_winnt:notice] [pid 26196:tid 480] AH00430: Parent: Child process 23204 exited successfully.
[Sat Jun 07 18:47:48.581137 2025] [mpm_winnt:notice] [pid 26808:tid 436] AH00455: Apache/2.4.58 (Win64) OpenSSL/3.1.3 PHP/8.2.12 configured -- resuming normal operations
[Sat Jun 07 18:47:48.582140 2025] [mpm_winnt:notice] [pid 26808:tid 436] AH00456: Apache Lounge VS17 Server built: Oct 18 2023 13:03:18
[Sat Jun 07 18:47:48.582140 2025] [core:notice] [pid 26808:tid 436] AH00094: Command line: 'C:\\Users\\harry\\Desktop\\BBSiteTest\\services\\webserver\\apache\\bin\\httpd.exe -d C:/Users/harry/Desktop/BBSiteTest/services/webserver/apache'
[Sat Jun 07 18:47:48.587087 2025] [mpm_winnt:notice] [pid 26808:tid 436] AH00418: Parent: Created child process 6356
Apache server shutdown initiated...
pm_winnt:notice] [pid 6356:tid 456] AH00354: Child: Starting 150 worker threads.
[Sat Jun 07 19:45:27.282244 2025] [mpm_winnt:notice] [pid 26808:tid 436] AH00422: Parent: Received shutdown signal -- Shutting down the server.
[Sat Jun 07 19:45:29.305255 2025] [mpm_winnt:notice] [pid 6356:tid 456] AH00364: Child: All worker threads have exited.
[Sat Jun 07 19:45:29.329740 2025] [mpm_winnt:notice] [pid 26808:tid 436] AH00430: Parent: Child process 6356 exited successfully.
[Sat Jun 07 19:45:36.772738 2025] [mpm_winnt:notice] [pid 22116:tid 456] AH00455: Apache/2.4.58 (Win64) OpenSSL/3.1.3 PHP/8.2.12 configured -- resuming normal operations
[Sat Jun 07 19:45:36.772738 2025] [mpm_winnt:notice] [pid 22116:tid 456] AH00456: Apache Lounge VS17 Server built: Oct 18 2023 13:03:18
[Sat Jun 07 19:45:36.772738 2025] [core:notice] [pid 22116:tid 456] AH00094: Command line: 'C:\\Users\\harry\\Desktop\\BBSiteTest\\services\\webserver\\apache\\bin\\httpd.exe -d C:/Users/harry/Desktop/BBSiteTest/services/webserver/apache'
[Sat Jun 07 19:45:36.775736 2025] [mpm_winnt:notice] [pid 22116:tid 456] AH00418: Parent: Created child process 10000
Apache server shutdown initiated...
pm_winnt:notice] [pid 10000:tid 444] AH00354: Child: Starting 150 worker threads.
[Sat Jun 07 23:07:54.662799 2025] [mpm_winnt:notice] [pid 22116:tid 456] AH00422: Parent: Received shutdown signal -- Shutting down the server.
[Sat Jun 07 23:07:56.676531 2025] [mpm_winnt:notice] [pid 10000:tid 444] AH00364: Child: All worker threads have exited.
[Sat Jun 07 23:07:56.718461 2025] [mpm_winnt:notice] [pid 22116:tid 456] AH00430: Parent: Child process 10000 exited successfully.
[Sat Jun 07 23:26:47.060203 2025] [mpm_winnt:notice] [pid 9716:tid 456] AH00455: Apache/2.4.58 (Win64) OpenSSL/3.1.3 PHP/8.2.12 configured -- resuming normal operations
[Sat Jun 07 23:26:47.061207 2025] [mpm_winnt:notice] [pid 9716:tid 456] AH00456: Apache Lounge VS17 Server built: Oct 18 2023 13:03:18
[Sat Jun 07 23:26:47.061207 2025] [core:notice] [pid 9716:tid 456] AH00094: Command line: 'C:\\Users\\harry\\Desktop\\BBSiteTest\\services\\webserver\\apache\\bin\\httpd.exe -d C:/Users/harry/Desktop/BBSiteTest/services/webserver/apache'
[Sat Jun 07 23:26:47.066709 2025] [mpm_winnt:notice] [pid 9716:tid 456] AH00418: Parent: Created child process 26736
Apache server shutdown initiated...
pm_winnt:notice] [pid 26736:tid 444] AH00354: Child: Starting 150 worker threads.
[Sun Jun 08 01:40:58.725366 2025] [mpm_winnt:notice] [pid 9716:tid 456] AH00422: Parent: Received shutdown signal -- Shutting down the server.
[Sun Jun 08 01:41:00.742604 2025] [mpm_winnt:notice] [pid 26736:tid 444] AH00364: Child: All worker threads have exited.
[Sun Jun 08 01:41:00.786594 2025] [mpm_winnt:notice] [pid 9716:tid 456] AH00430: Parent: Child process 26736 exited successfully.
[Sun Jun 08 01:42:52.587080 2025] [mpm_winnt:notice] [pid 30952:tid 444] AH00455: Apache/2.4.58 (Win64) OpenSSL/3.1.3 PHP/8.2.12 configured -- resuming normal operations
[Sun Jun 08 01:42:52.587080 2025] [mpm_winnt:notice] [pid 30952:tid 444] AH00456: Apache Lounge VS17 Server built: Oct 18 2023 13:03:18
[Sun Jun 08 01:42:52.587080 2025] [core:notice] [pid 30952:tid 444] AH00094: Command line: 'C:\\Users\\harry\\Desktop\\BBSiteTest\\services\\webserver\\apache\\bin\\httpd.exe -d C:/Users/harry/Desktop/BBSiteTest/services/webserver/apache'
[Sun Jun 08 01:42:52.590405 2025] [mpm_winnt:notice] [pid 30952:tid 444] AH00418: Parent: Created child process 14572
Apache server shutdown initiated...
pm_winnt:notice] [pid 14572:tid 440] AH00354: Child: Starting 150 worker threads.
[Sun Jun 08 02:23:46.496277 2025] [mpm_winnt:notice] [pid 30952:tid 444] AH00422: Parent: Received shutdown signal -- Shutting down the server.
[Sun Jun 08 02:23:48.527204 2025] [mpm_winnt:notice] [pid 14572:tid 440] AH00364: Child: All worker threads have exited.
[Sun Jun 08 02:23:48.549823 2025] [mpm_winnt:notice] [pid 30952:tid 444] AH00430: Parent: Child process 14572 exited successfully.
[Mon Jun 09 14:38:10.493206 2025] [mpm_winnt:notice] [pid 29860:tid 444] AH00455: Apache/2.4.58 (Win64) OpenSSL/3.1.3 PHP/8.2.12 configured -- resuming normal operations
[Mon Jun 09 14:38:10.493206 2025] [mpm_winnt:notice] [pid 29860:tid 444] AH00456: Apache Lounge VS17 Server built: Oct 18 2023 13:03:18
[Mon Jun 09 14:38:10.493206 2025] [core:notice] [pid 29860:tid 444] AH00094: Command line: 'C:\\Users\\harry\\Desktop\\BBSiteTest\\services\\webserver\\apache\\bin\\httpd.exe -d C:/Users/harry/Desktop/BBSiteTest/services/webserver/apache'
[Mon Jun 09 14:38:10.496205 2025] [mpm_winnt:notice] [pid 29860:tid 444] AH00418: Parent: Created child process 11460
Apache server shutdown initiated...
pm_winnt:notice] [pid 11460:tid 444] AH00354: Child: Starting 150 worker threads.
[Wed Jun 11 17:56:03.286316 2025] [mpm_winnt:notice] [pid 29860:tid 444] AH00422: Parent: Received shutdown signal -- Shutting down the server.
[Wed Jun 11 17:56:05.316118 2025] [mpm_winnt:notice] [pid 11460:tid 444] AH00364: Child: All worker threads have exited.
[Wed Jun 11 17:56:05.361271 2025] [mpm_winnt:notice] [pid 29860:tid 444] AH00430: Parent: Child process 11460 exited successfully.
[Wed Jun 11 23:19:44.145887 2025] [mpm_winnt:notice] [pid 2300:tid 444] AH00455: Apache/2.4.58 (Win64) OpenSSL/3.1.3 PHP/8.2.12 configured -- resuming normal operations
[Wed Jun 11 23:19:44.145887 2025] [mpm_winnt:notice] [pid 2300:tid 444] AH00456: Apache Lounge VS17 Server built: Oct 18 2023 13:03:18
[Wed Jun 11 23:19:44.145887 2025] [core:notice] [pid 2300:tid 444] AH00094: Command line: 'C:\\Users\\harry\\Desktop\\BBSiteTest\\services\\webserver\\apache\\bin\\httpd.exe -d C:/Users/harry/Desktop/BBSiteTest/services/webserver/apache'
[Wed Jun 11 23:19:44.149953 2025] [mpm_winnt:notice] [pid 2300:tid 444] AH00418: Parent: Created child process 23196
[Wed Jun 11 23:19:44.550994 2025] [mpm_winnt:notice] [pid 23196:tid 440] AH00354: Child: Starting 150 worker threads.
[Thu Jun 12 09:25:11.817008 2025] [core:warn] [pid 5592:tid 212] AH00098: pid file C:/Users/harry/Desktop/BBSiteTest/services/webserver/apache/logs/httpd.pid overwritten -- Unclean shutdown of previous Apache run?
[Thu Jun 12 09:25:12.297500 2025] [mpm_winnt:notice] [pid 5592:tid 212] AH00455: Apache/2.4.58 (Win64) OpenSSL/3.1.3 PHP/8.2.12 configured -- resuming normal operations
[Thu Jun 12 09:25:12.297500 2025] [mpm_winnt:notice] [pid 5592:tid 212] AH00456: Apache Lounge VS17 Server built: Oct 18 2023 13:03:18
[Thu Jun 12 09:25:12.297500 2025] [core:notice] [pid 5592:tid 212] AH00094: Command line: 'C:\\Users\\harry\\Desktop\\BBSiteTest\\services\\webserver\\apache\\bin\\httpd.exe -d C:/Users/harry/Desktop/BBSiteTest/services/webserver/apache'
[Thu Jun 12 09:25:12.301043 2025] [mpm_winnt:notice] [pid 5592:tid 212] AH00418: Parent: Created child process 19088
[Thu Jun 12 09:25:12.712696 2025] [mpm_winnt:notice] [pid 19088:tid 448] AH00354: Child: Starting 150 worker threads.
[Sat Jun 14 02:41:18.888752 2025] [core:warn] [pid 19368:tid 188] AH00098: pid file C:/Users/harry/Desktop/BBSiteTest/services/webserver/apache/logs/httpd.pid overwritten -- Unclean shutdown of previous Apache run?
[Sat Jun 14 02:41:19.411085 2025] [mpm_winnt:notice] [pid 19368:tid 188] AH00455: Apache/2.4.58 (Win64) OpenSSL/3.1.3 PHP/8.2.12 configured -- resuming normal operations
[Sat Jun 14 02:41:19.411085 2025] [mpm_winnt:notice] [pid 19368:tid 188] AH00456: Apache Lounge VS17 Server built: Oct 18 2023 13:03:18
[Sat Jun 14 02:41:19.411085 2025] [core:notice] [pid 19368:tid 188] AH00094: Command line: 'C:\\Users\\harry\\Desktop\\BBSiteTest\\services\\webserver\\apache\\bin\\httpd.exe -d C:/Users/harry/Desktop/BBSiteTest/services/webserver/apache'
[Sat Jun 14 02:41:19.414070 2025] [mpm_winnt:notice] [pid 19368:tid 188] AH00418: Parent: Created child process 26192
[Sat Jun 14 02:41:19.845068 2025] [mpm_winnt:notice] [pid 26192:tid 440] AH00354: Child: Starting 150 worker threads.
